<?xml version="1.0" encoding="UTF-8"?>
<!-- Generated by org.testng.reporters.JUnitReportReporter -->
<testsuite hostname="LAPTOP-KA9VHP1F" failures="0" tests="3" name="apitests.Reqres_tests" time="5.195" errors="0" timestamp="2023-05-15T14:11:06 IST" skipped="0">
  <testcase classname="apitests.Reqres_tests" name="testcreateuser" time="4.286"/>
  <system-out/>
  <testcase classname="apitests.Reqres_tests" name="getuser" time="0.904"/>
  <system-out/>
  <testcase classname="apitests.Reqres_tests" name="putuser" time="0.005"/>
  <system-out/>
</testsuite> <!-- apitests.Reqres_tests -->
